<?xml version="1.0" encoding="UTF-8"?>
<testsuite xmlns:xsi="http://www.w3.org/2001/XMLSchema-instance" xsi:noNamespaceSchemaLocation="https://maven.apache.org/surefire/maven-surefire-plugin/xsd/surefire-test-report-3.0.xsd" version="3.0" name="com.example.jpa.DemoApplicationTests" time="38.576" tests="1" errors="0" skipped="0" failures="0">
  <properties>
[...]
</properties>
  <testcase name="contextLoads" classname="com.example.jpa.DemoApplicationTests" time="2.2">
    <system-out><![CDATA[19:04:40.355 [main] INFO org.springframework.test.context.support.AnnotationConfigContextLoaderUtils -- Could not detect default configuration classes for test class [com.example.jpa.DemoApplicationTests]: DemoApplicationTests does not declare any static, non-private, non-final, nested classes annotated with @Configuration.
19:04:41.941 [main] INFO org.springframework.boot.test.context.SpringBootTestContextBootstrapper -- Found @SpringBootConfiguration com.example.jpa.JpaOneToManyDemoApplication for test class com.example.jpa.DemoApplicationTests

  .   ____          _            __ _ _
 /\\ / ___'_ __ _ _(_)_ __  __ _ \ \ \ \
( ( )\___ | '_ | '_| | '_ \/ _` | \ \ \ \
 \\/  ___)| |_)| | | | | || (_| |  ) ) ) )
  '  |____| .__|_| |_|_| |_\__, | / / / /
 =========|_|==============|___/=/_/_/_/
 :: Spring Boot ::                (v3.2.5)

2024-05-13T19:04:46.304+02:00  INFO 21604 --- [demo] [           main] com.example.jpa.DemoApplicationTests     : Starting DemoApplicationTests using Java 22.0.1 with PID 21604 (started by Siamak in C:\Users\Siamak\IdeaProjects\demo-post\post)
2024-05-13T19:04:46.306+02:00  INFO 21604 --- [demo] [           main] com.example.jpa.DemoApplicationTests     : No active profile set, falling back to 1 default profile: "default"
2024-05-13T19:04:55.131+02:00  INFO 21604 --- [demo] [           main] .s.d.r.c.RepositoryConfigurationDelegate : Bootstrapping Spring Data JPA repositories in DEFAULT mode.
2024-05-13T19:04:55.612+02:00  INFO 21604 --- [demo] [           main] .s.d.r.c.RepositoryConfigurationDelegate : Finished Spring Data repository scanning in 361 ms. Found 2 JPA repository interfaces.
2024-05-13T19:04:57.737+02:00  INFO 21604 --- [demo] [           main] o.hibernate.jpa.internal.util.LogHelper  : HHH000204: Processing PersistenceUnitInfo [name: default]
2024-05-13T19:04:58.387+02:00  INFO 21604 --- [demo] [           main] org.hibernate.Version                    : HHH000412: Hibernate ORM core version 6.4.4.Final
2024-05-13T19:04:58.667+02:00  INFO 21604 --- [demo] [           main] o.h.c.internal.RegionFactoryInitiator    : HHH000026: Second-level cache disabled
2024-05-13T19:04:59.168+02:00 DEBUG 21604 --- [demo] [           main] org.hibernate.type.BasicTypeRegistry     : Adding type registration boolean -> org.hibernate.type.BasicTypeReference@16b3c905
2024-05-13T19:04:59.169+02:00 DEBUG 21604 --- [demo] [           main] org.hibernate.type.BasicTypeRegistry     : Adding type registration boolean -> org.hibernate.type.BasicTypeReference@16b3c905
2024-05-13T19:04:59.169+02:00 DEBUG 21604 --- [demo] [           main] org.hibernate.type.BasicTypeRegistry     : Adding type registration java.lang.Boolean -> org.hibernate.type.BasicTypeReference@16b3c905
2024-05-13T19:04:59.169+02:00 DEBUG 21604 --- [demo] [           main] org.hibernate.type.BasicTypeRegistry     : Adding type registration numeric_boolean -> org.hibernate.type.BasicTypeReference@49fdbe2b
2024-05-13T19:04:59.170+02:00 DEBUG 21604 --- [demo] [           main] org.hibernate.type.BasicTypeRegistry     : Adding type registration org.hibernate.type.NumericBooleanConverter -> org.hibernate.type.BasicTypeReference@49fdbe2b
2024-05-13T19:04:59.170+02:00 DEBUG 21604 --- [demo] [           main] org.hibernate.type.BasicTypeRegistry     : Adding type registration true_false -> org.hibernate.type.BasicTypeReference@53eba4b8
2024-05-13T19:04:59.171+02:00 DEBUG 21604 --- [demo] [           main] org.hibernate.type.BasicTypeRegistry     : Adding type registration org.hibernate.type.TrueFalseConverter -> org.hibernate.type.BasicTypeReference@53eba4b8
2024-05-13T19:04:59.171+02:00 DEBUG 21604 --- [demo] [           main] org.hibernate.type.BasicTypeRegistry     : Adding type registration yes_no -> org.hibernate.type.BasicTypeReference@437bd805
2024-05-13T19:04:59.171+02:00 DEBUG 21604 --- [demo] [           main] org.hibernate.type.BasicTypeRegistry     : Adding type registration org.hibernate.type.YesNoConverter -> org.hibernate.type.BasicTypeReference@437bd805
2024-05-13T19:04:59.172+02:00 DEBUG 21604 --- [demo] [           main] org.hibernate.type.BasicTypeRegistry     : Adding type registration byte -> org.hibernate.type.BasicTypeReference@4b88ca8e
2024-05-13T19:04:59.172+02:00 DEBUG 21604 --- [demo] [           main] org.hibernate.type.BasicTypeRegistry     : Adding type registration byte -> org.hibernate.type.BasicTypeReference@4b88ca8e
2024-05-13T19:04:59.172+02:00 DEBUG 21604 --- [demo] [           main] org.hibernate.type.BasicTypeRegistry     : Adding type registration java.lang.Byte -> org.hibernate.type.BasicTypeReference@4b88ca8e
2024-05-13T19:04:59.173+02:00 DEBUG 21604 --- [demo] [           main] org.hibernate.type.BasicTypeRegistry     : Adding type registration binary -> org.hibernate.type.BasicTypeReference@6fa02932
2024-05-13T19:04:59.173+02:00 DEBUG 21604 --- [demo] [           main] org.hibernate.type.BasicTypeRegistry     : Adding type registration byte[] -> org.hibernate.type.BasicTypeReference@6fa02932
2024-05-13T19:04:59.173+02:00 DEBUG 21604 --- [demo] [           main] org.hibernate.type.BasicTypeRegistry     : Adding type registration [B -> org.hibernate.type.BasicTypeReference@6fa02932
2024-05-13T19:04:59.173+02:00 DEBUG 21604 --- [demo] [           main] org.hibernate.type.BasicTypeRegistry     : Adding type registration binary_wrapper -> org.hibernate.type.BasicTypeReference@61608e1a
2024-05-13T19:04:59.174+02:00 DEBUG 21604 --- [demo] [           main] org.hibernate.type.BasicTypeRegistry     : Adding type registration wrapper-binary -> org.hibernate.type.BasicTypeReference@61608e1a
2024-05-13T19:04:59.174+02:00 DEBUG 21604 --- [demo] [           main] org.hibernate.type.BasicTypeRegistry     : Adding type registration image -> org.hibernate.type.BasicTypeReference@7c46c9c3
2024-05-13T19:04:59.175+02:00 DEBUG 21604 --- [demo] [           main] org.hibernate.type.BasicTypeRegistry     : Adding type registration blob -> org.hibernate.type.BasicTypeReference@7197b07f
2024-05-13T19:04:59.175+02:00 DEBUG 21604 --- [demo] [           main] org.hibernate.type.BasicTypeRegistry     : Adding type registration java.sql.Blob -> org.hibernate.type.BasicTypeReference@7197b07f
2024-05-13T19:04:59.175+02:00 DEBUG 21604 --- [demo] [           main] org.hibernate.type.BasicTypeRegistry     : Adding type registration materialized_blob -> org.hibernate.type.BasicTypeReference@1f10fec6
2024-05-13T19:04:59.176+02:00 DEBUG 21604 --- [demo] [           main] org.hibernate.type.BasicTypeRegistry     : Adding type registration materialized_blob_wrapper -> org.hibernate.type.BasicTypeReference@7a65a360
2024-05-13T19:04:59.176+02:00 DEBUG 21604 --- [demo] [           main] org.hibernate.type.BasicTypeRegistry     : Adding type registration short -> org.hibernate.type.BasicTypeReference@30a7653e
2024-05-13T19:04:59.176+02:00 DEBUG 21604 --- [demo] [           main] org.hibernate.type.BasicTypeRegistry     : Adding type registration short -> org.hibernate.type.BasicTypeReference@30a7653e
2024-05-13T19:04:59.176+02:00 DEBUG 21604 --- [demo] [           main] org.hibernate.type.BasicTypeRegistry     : Adding type registration java.lang.Short -> org.hibernate.type.BasicTypeReference@30a7653e
2024-05-13T19:04:59.177+02:00 DEBUG 21604 --- [demo] [           main] org.hibernate.type.BasicTypeRegistry     : Adding type registration integer -> org.hibernate.type.BasicTypeReference@7cff3f1d
2024-05-13T19:04:59.177+02:00 DEBUG 21604 --- [demo] [           main] org.hibernate.type.BasicTypeRegistry     : Adding type registration int -> org.hibernate.type.BasicTypeReference@7cff3f1d
2024-05-13T19:04:59.177+02:00 DEBUG 21604 --- [demo] [           main] org.hibernate.type.BasicTypeRegistry     : Adding type registration java.lang.Integer -> org.hibernate.type.BasicTypeReference@7cff3f1d
2024-05-13T19:04:59.178+02:00 DEBUG 21604 --- [demo] [           main] org.hibernate.type.BasicTypeRegistry     : Adding type registration long -> org.hibernate.type.BasicTypeReference@6401188a
2024-05-13T19:04:59.179+02:00 DEBUG 21604 --- [demo] [           main] org.hibernate.type.BasicTypeRegistry     : Adding type registration long -> org.hibernate.type.BasicTypeReference@6401188a
2024-05-13T19:04:59.179+02:00 DEBUG 21604 --- [demo] [           main] org.hibernate.type.BasicTypeRegistry     : Adding type registration java.lang.Long -> org.hibernate.type.BasicTypeReference@6401188a
2024-05-13T19:04:59.179+02:00 DEBUG 21604 --- [demo] [           main] org.hibernate.type.BasicTypeRegistry     : Adding type registration float -> org.hibernate.type.BasicTypeReference@33a8c9c9
2024-05-13T19:04:59.180+02:00 DEBUG 21604 --- [demo] [           main] org.hibernate.type.BasicTypeRegistry     : Adding type registration float -> org.hibernate.type.BasicTypeReference@33a8c9c9
2024-05-13T19:04:59.180+02:00 DEBUG 21604 --- [demo] [           main] org.hibernate.type.BasicTypeRegistry     : Adding type registration java.lang.Float -> org.hibernate.type.BasicTypeReference@33a8c9c9
2024-05-13T19:04:59.180+02:00 DEBUG 21604 --- [demo] [           main] org.hibernate.type.BasicTypeRegistry     : Adding type registration double -> org.hibernate.type.BasicTypeReference@382dc417
2024-05-13T19:04:59.180+02:00 DEBUG 21604 --- [demo] [           main] org.hibernate.type.BasicTypeRegistry     : Adding type registration double -> org.hibernate.type.BasicTypeReference@382dc417
2024-05-13T19:04:59.181+02:00 DEBUG 21604 --- [demo] [           main] org.hibernate.type.BasicTypeRegistry     : Adding type registration java.lang.Double -> org.hibernate.type.BasicTypeReference@382dc417
2024-05-13T19:04:59.181+02:00 DEBUG 21604 --- [demo] [           main] org.hibernate.type.BasicTypeRegistry     : Adding type registration big_integer -> org.hibernate.type.BasicTypeReference@3daf03d8
2024-05-13T19:04:59.181+02:00 DEBUG 21604 --- [demo] [           main] org.hibernate.type.BasicTypeRegistry     : Adding type registration java.math.BigInteger -> org.hibernate.type.BasicTypeReference@3daf03d8
2024-05-13T19:04:59.182+02:00 DEBUG 21604 --- [demo] [           main] org.hibernate.type.BasicTypeRegistry     : Adding type registration big_decimal -> org.hibernate.type.BasicTypeReference@510689af
2024-05-13T19:04:59.182+02:00 DEBUG 21604 --- [demo] [           main] org.hibernate.type.BasicTypeRegistry     : Adding type registration java.math.BigDecimal -> org.hibernate.type.BasicTypeReference@510689af
2024-05-13T19:04:59.182+02:00 DEBUG 21604 --- [demo] [           main] org.hibernate.type.BasicTypeRegistry     : Adding type registration character -> org.hibernate.type.BasicTypeReference@2415e4c7
2024-05-13T19:04:59.183+02:00 DEBUG 21604 --- [demo] [           main] org.hibernate.type.BasicTypeRegistry     : Adding type registration char -> org.hibernate.type.BasicTypeReference@2415e4c7
2024-05-13T19:04:59.183+02:00 DEBUG 21604 --- [demo] [           main] org.hibernate.type.BasicTypeRegistry     : Adding type registration java.lang.Character -> org.hibernate.type.BasicTypeReference@2415e4c7
2024-05-13T19:04:59.183+02:00 DEBUG 21604 --- [demo] [           main] org.hibernate.type.BasicTypeRegistry     : Adding type registration character_nchar -> org.hibernate.type.BasicTypeReference@72ce812e
2024-05-13T19:04:59.184+02:00 DEBUG 21604 --- [demo] [           main] org.hibernate.type.BasicTypeRegistry     : Adding type registration string -> org.hibernate.type.BasicTypeReference@373afd6c
2024-05-13T19:04:59.184+02:00 DEBUG 21604 --- [demo] [           main] org.hibernate.type.BasicTypeRegistry     : Adding type registration java.lang.String -> org.hibernate.type.BasicTypeReference@373afd6c
2024-05-13T19:04:59.184+02:00 DEBUG 21604 --- [demo] [           main] org.hibernate.type.BasicTypeRegistry     : Adding type registration nstring -> org.hibernate.type.BasicTypeReference@521441d5
2024-05-13T19:04:59.185+02:00 DEBUG 21604 --- [demo] [           main] org.hibernate.type.BasicTypeRegistry     : Adding type registration characters -> org.hibernate.type.BasicTypeReference@592ca48c
2024-05-13T19:04:59.185+02:00 DEBUG 21604 --- [demo] [           main] org.hibernate.type.BasicTypeRegistry     : Adding type registration char[] -> org.hibernate.type.BasicTypeReference@592ca48c
2024-05-13T19:04:59.186+02:00 DEBUG 21604 --- [demo] [           main] org.hibernate.type.BasicTypeRegistry     : Adding type registration [C -> org.hibernate.type.BasicTypeReference@592ca48c
2024-05-13T19:04:59.186+02:00 DEBUG 21604 --- [demo] [           main] org.hibernate.type.BasicTypeRegistry     : Adding type registration wrapper-characters -> org.hibernate.type.BasicTypeReference@5fed9976
2024-05-13T19:04:59.186+02:00 DEBUG 21604 --- [demo] [           main] org.hibernate.type.BasicTypeRegistry     : Adding type registration text -> org.hibernate.type.BasicTypeReference@3fdcde7a
2024-05-13T19:04:59.186+02:00 DEBUG 21604 --- [demo] [           main] org.hibernate.type.BasicTypeRegistry     : Adding type registration ntext -> org.hibernate.type.BasicTypeReference@4f363abd
2024-05-13T19:04:59.187+02:00 DEBUG 21604 --- [demo] [           main] org.hibernate.type.BasicTypeRegistry     : Adding type registration clob -> org.hibernate.type.BasicTypeReference@7302ff13
2024-05-13T19:04:59.187+02:00 DEBUG 21604 --- [demo] [           main] org.hibernate.type.BasicTypeRegistry     : Adding type registration java.sql.Clob -> org.hibernate.type.BasicTypeReference@7302ff13
2024-05-13T19:04:59.187+02:00 DEBUG 21604 --- [demo] [           main] org.hibernate.type.BasicTypeRegistry     : Adding type registration nclob -> org.hibernate.type.BasicTypeReference@4017fe2c
2024-05-13T19:04:59.188+02:00 DEBUG 21604 --- [demo] [           main] org.hibernate.type.BasicTypeRegistry     : Adding type registration java.sql.NClob -> org.hibernate.type.BasicTypeReference@4017fe2c
2024-05-13T19:04:59.196+02:00 DEBUG 21604 --- [demo] [           main] org.hibernate.type.BasicTypeRegistry     : Adding type registration materialized_clob -> org.hibernate.type.BasicTypeReference@1961d75a
2024-05-13T19:04:59.196+02:00 DEBUG 21604 --- [demo] [           main] org.hibernate.type.BasicTypeRegistry     : Adding type registration materialized_clob_char_array -> org.hibernate.type.BasicTypeReference@677ce519
2024-05-13T19:04:59.197+02:00 DEBUG 21604 --- [demo] [           main] org.hibernate.type.BasicTypeRegistry     : Adding type registration materialized_clob_character_array -> org.hibernate.type.BasicTypeReference@3e26482
2024-05-13T19:04:59.197+02:00 DEBUG 21604 --- [demo] [           main] org.hibernate.type.BasicTypeRegistry     : Adding type registration materialized_nclob -> org.hibernate.type.BasicTypeReference@7cfb0c4c
2024-05-13T19:04:59.197+02:00 DEBUG 21604 --- [demo] [           main] org.hibernate.type.BasicTypeRegistry     : Adding type registration materialized_nclob_character_array -> org.hibernate.type.BasicTypeReference@6b37df8e
2024-05-13T19:04:59.198+02:00 DEBUG 21604 --- [demo] [           main] org.hibernate.type.BasicTypeRegistry     : Adding type registration materialized_nclob_char_array -> org.hibernate.type.BasicTypeReference@6b63abdc
2024-05-13T19:04:59.198+02:00 DEBUG 21604 --- [demo] [           main] org.hibernate.type.BasicTypeRegistry     : Adding type registration Duration -> org.hibernate.type.BasicTypeReference@7b351446
2024-05-13T19:04:59.198+02:00 DEBUG 21604 --- [demo] [           main] org.hibernate.type.BasicTypeRegistry     : Adding type registration java.time.Duration -> org.hibernate.type.BasicTypeReference@7b351446
2024-05-13T19:04:59.199+02:00 DEBUG 21604 --- [demo] [           main] org.hibernate.type.BasicTypeRegistry     : Adding type registration LocalDateTime -> org.hibernate.type.BasicTypeReference@5f08fe00
2024-05-13T19:04:59.199+02:00 DEBUG 21604 --- [demo] [           main] org.hibernate.type.BasicTypeRegistry     : Adding type registration java.time.LocalDateTime -> org.hibernate.type.BasicTypeReference@5f08fe00
2024-05-13T19:04:59.200+02:00 DEBUG 21604 --- [demo] [           main] org.hibernate.type.BasicTypeRegistry     : Adding type registration LocalDate -> org.hibernate.type.BasicTypeReference@a1691c0
2024-05-13T19:04:59.201+02:00 DEBUG 21604 --- [demo] [           main] org.hibernate.type.BasicTypeRegistry     : Adding type registration java.time.LocalDate -> org.hibernate.type.BasicTypeReference@a1691c0
2024-05-13T19:04:59.201+02:00 DEBUG 21604 --- [demo] [           main] org.hibernate.type.BasicTypeRegistry     : Adding type registration LocalTime -> org.hibernate.type.BasicTypeReference@7c5df615
2024-05-13T19:04:59.202+02:00 DEBUG 21604 --- [demo] [           main] org.hibernate.type.BasicTypeRegistry     : Adding type registration java.time.LocalTime -> org.hibernate.type.BasicTypeReference@7c5df615
2024-05-13T19:04:59.202+02:00 DEBUG 21604 --- [demo] [           main] org.hibernate.type.BasicTypeRegistry     : Adding type registration OffsetDateTime -> org.hibernate.type.BasicTypeReference@2f995afc
2024-05-13T19:04:59.203+02:00 DEBUG 21604 --- [demo] [           main] org.hibernate.type.BasicTypeRegistry     : Adding type registration java.time.OffsetDateTime -> org.hibernate.type.BasicTypeReference@2f995afc
2024-05-13T19:04:59.204+02:00 DEBUG 21604 --- [demo] [           main] org.hibernate.type.BasicTypeRegistry     : Adding type registration OffsetDateTimeWithTimezone -> org.hibernate.type.BasicTypeReference@377949f1
2024-05-13T19:04:59.207+02:00 DEBUG 21604 --- [demo] [           main] org.hibernate.type.BasicTypeRegistry     : Adding type registration OffsetDateTimeWithoutTimezone -> org.hibernate.type.BasicTypeReference@9df564f
2024-05-13T19:04:59.208+02:00 DEBUG 21604 --- [demo] [           main] org.hibernate.type.BasicTypeRegistry     : Adding type registration OffsetTime -> org.hibernate.type.BasicTypeReference@1a21f43f
2024-05-13T19:04:59.208+02:00 DEBUG 21604 --- [demo] [           main] org.hibernate.type.BasicTypeRegistry     : Adding type registration java.time.OffsetTime -> org.hibernate.type.BasicTypeReference@1a21f43f
2024-05-13T19:04:59.209+02:00 DEBUG 21604 --- [demo] [           main] org.hibernate.type.BasicTypeRegistry     : Adding type registration OffsetTimeUtc -> org.hibernate.type.BasicTypeReference@7f0a133d
2024-05-13T19:04:59.210+02:00 DEBUG 21604 --- [demo] [           main] org.hibernate.type.BasicTypeRegistry     : Adding type registration OffsetTimeWithTimezone -> org.hibernate.type.BasicTypeReference@241fbec
2024-05-13T19:04:59.213+02:00 DEBUG 21604 --- [demo] [           main] org.hibernate.type.BasicTypeRegistry     : Adding type registration OffsetTimeWithoutTimezone -> org.hibernate.type.BasicTypeReference@715fa8c5
2024-05-13T19:04:59.217+02:00 DEBUG 21604 --- [demo] [           main] org.hibernate.type.BasicTypeRegistry     : Adding type registration ZonedDateTime -> org.hibernate.type.BasicTypeReference@644a3add
2024-05-13T19:04:59.218+02:00 DEBUG 21604 --- [demo] [           main] org.hibernate.type.BasicTypeRegistry     : Adding type registration java.time.ZonedDateTime -> org.hibernate.type.BasicTypeReference@644a3add
2024-05-13T19:04:59.218+02:00 DEBUG 21604 --- [demo] [           main] org.hibernate.type.BasicTypeRegistry     : Adding type registration ZonedDateTimeWithTimezone -> org.hibernate.type.BasicTypeReference@4b765e92
2024-05-13T19:04:59.218+02:00 DEBUG 21604 --- [demo] [           main] org.hibernate.type.BasicTypeRegistry     : Adding type registration ZonedDateTimeWithoutTimezone -> org.hibernate.type.BasicTypeReference@4665428b
2024-05-13T19:04:59.218+02:00 DEBUG 21604 --- [demo] [           main] org.hibernate.type.BasicTypeRegistry     : Adding type registration date -> org.hibernate.type.BasicTypeReference@4a70d302
2024-05-13T19:04:59.218+02:00 DEBUG 21604 --- [demo] [           main] org.hibernate.type.BasicTypeRegistry     : Adding type registration java.sql.Date -> org.hibernate.type.BasicTypeReference@4a70d302
2024-05-13T19:04:59.219+02:00 DEBUG 21604 --- [demo] [           main] org.hibernate.type.BasicTypeRegistry     : Adding type registration time -> org.hibernate.type.BasicTypeReference@7fd99443
2024-05-13T19:04:59.219+02:00 DEBUG 21604 --- [demo] [           main] org.hibernate.type.BasicTypeRegistry     : Adding type registration java.sql.Time -> org.hibernate.type.BasicTypeReference@7fd99443
2024-05-13T19:04:59.219+02:00 DEBUG 21604 --- [demo] [           main] org.hibernate.type.BasicTypeRegistry     : Adding type registration timestamp -> org.hibernate.type.BasicTypeReference@622d7e4
2024-05-13T19:04:59.219+02:00 DEBUG 21604 --- [demo] [           main] org.hibernate.type.BasicTypeRegistry     : Adding type registration java.sql.Timestamp -> org.hibernate.type.BasicTypeReference@622d7e4
2024-05-13T19:04:59.219+02:00 DEBUG 21604 --- [demo] [           main] org.hibernate.type.BasicTypeRegistry     : Adding type registration java.util.Date -> org.hibernate.type.BasicTypeReference@622d7e4
2024-05-13T19:04:59.220+02:00 DEBUG 21604 --- [demo] [           main] org.hibernate.type.BasicTypeRegistry     : Adding type registration calendar -> org.hibernate.type.BasicTypeReference@6a3fbcb1
2024-05-13T19:04:59.220+02:00 DEBUG 21604 --- [demo] [           main] org.hibernate.type.BasicTypeRegistry     : Adding type registration java.util.Calendar -> org.hibernate.type.BasicTypeReference@6a3fbcb1
2024-05-13T19:04:59.220+02:00 DEBUG 21604 --- [demo] [           main] org.hibernate.type.BasicTypeRegistry     : Adding type registration java.util.GregorianCalendar -> org.hibernate.type.BasicTypeReference@6a3fbcb1
2024-05-13T19:04:59.220+02:00 DEBUG 21604 --- [demo] [           main] org.hibernate.type.BasicTypeRegistry     : Adding type registration calendar_date -> org.hibernate.type.BasicTypeReference@261b9a37
2024-05-13T19:04:59.220+02:00 DEBUG 21604 --- [demo] [           main] org.hibernate.type.BasicTypeRegistry     : Adding type registration calendar_time -> org.hibernate.type.BasicTypeReference@15d3793b
2024-05-13T19:04:59.221+02:00 DEBUG 21604 --- [demo] [           main] org.hibernate.type.BasicTypeRegistry     : Adding type registration instant -> org.hibernate.type.BasicTypeReference@55e1192
2024-05-13T19:04:59.221+02:00 DEBUG 21604 --- [demo] [           main] org.hibernate.type.BasicTypeRegistry     : Adding type registration java.time.Instant -> org.hibernate.type.BasicTypeReference@55e1192
2024-05-13T19:04:59.221+02:00 DEBUG 21604 --- [demo] [           main] org.hibernate.type.BasicTypeRegistry     : Adding type registration uuid -> org.hibernate.type.BasicTypeReference@1213ffbc
2024-05-13T19:04:59.221+02:00 DEBUG 21604 --- [demo] [           main] org.hibernate.type.BasicTypeRegistry     : Adding type registration java.util.UUID -> org.hibernate.type.BasicTypeReference@1213ffbc
2024-05-13T19:04:59.221+02:00 DEBUG 21604 --- [demo] [           main] org.hibernate.type.BasicTypeRegistry     : Adding type registration pg-uuid -> org.hibernate.type.BasicTypeReference@1213ffbc
2024-05-13T19:04:59.223+02:00 DEBUG 21604 --- [demo] [           main] org.hibernate.type.BasicTypeRegistry     : Adding type registration uuid-binary -> org.hibernate.type.BasicTypeReference@68a305eb
2024-05-13T19:04:59.223+02:00 DEBUG 21604 --- [demo] [           main] org.hibernate.type.BasicTypeRegistry     : Adding type registration uuid-char -> org.hibernate.type.BasicTypeReference@6637a365
2024-05-13T19:04:59.224+02:00 DEBUG 21604 --- [demo] [           main] org.hibernate.type.BasicTypeRegistry     : Adding type registration class -> org.hibernate.type.BasicTypeReference@1310fcb0
2024-05-13T19:04:59.225+02:00 DEBUG 21604 --- [demo] [           main] org.hibernate.type.BasicTypeRegistry     : Adding type registration java.lang.Class -> org.hibernate.type.BasicTypeReference@1310fcb0
2024-05-13T19:04:59.225+02:00 DEBUG 21604 --- [demo] [           main] org.hibernate.type.BasicTypeRegistry     : Adding type registration currency -> org.hibernate.type.BasicTypeReference@1ef31f71
2024-05-13T19:04:59.225+02:00 DEBUG 21604 --- [demo] [           main] org.hibernate.type.BasicTypeRegistry     : Adding type registration Currency -> org.hibernate.type.BasicTypeReference@1ef31f71
2024-05-13T19:04:59.225+02:00 DEBUG 21604 --- [demo] [           main] org.hibernate.type.BasicTypeRegistry     : Adding type registration java.util.Currency -> org.hibernate.type.BasicTypeReference@1ef31f71
2024-05-13T19:04:59.226+02:00 DEBUG 21604 --- [demo] [           main] org.hibernate.type.BasicTypeRegistry     : Adding type registration locale -> org.hibernate.type.BasicTypeReference@6e8fdd19
2024-05-13T19:04:59.226+02:00 DEBUG 21604 --- [demo] [           main] org.hibernate.type.BasicTypeRegistry     : Adding type registration java.util.Locale -> org.hibernate.type.BasicTypeReference@6e8fdd19
2024-05-13T19:04:59.226+02:00 DEBUG 21604 --- [demo] [           main] org.hibernate.type.BasicTypeRegistry     : Adding type registration serializable -> org.hibernate.type.BasicTypeReference@35787726
2024-05-13T19:04:59.227+02:00 DEBUG 21604 --- [demo] [           main] org.hibernate.type.BasicTypeRegistry     : Adding type registration java.io.Serializable -> org.hibernate.type.BasicTypeReference@35787726
2024-05-13T19:04:59.227+02:00 DEBUG 21604 --- [demo] [           main] org.hibernate.type.BasicTypeRegistry     : Adding type registration timezone -> org.hibernate.type.BasicTypeReference@2199e845
2024-05-13T19:04:59.227+02:00 DEBUG 21604 --- [demo] [           main] org.hibernate.type.BasicTypeRegistry     : Adding type registration java.util.TimeZone -> org.hibernate.type.BasicTypeReference@2199e845
2024-05-13T19:04:59.227+02:00 DEBUG 21604 --- [demo] [           main] org.hibernate.type.BasicTypeRegistry     : Adding type registration ZoneOffset -> org.hibernate.type.BasicTypeReference@27976390
2024-05-13T19:04:59.228+02:00 DEBUG 21604 --- [demo] [           main] org.hibernate.type.BasicTypeRegistry     : Adding type registration java.time.ZoneOffset -> org.hibernate.type.BasicTypeReference@27976390
2024-05-13T19:04:59.228+02:00 DEBUG 21604 --- [demo] [           main] org.hibernate.type.BasicTypeRegistry     : Adding type registration url -> org.hibernate.type.BasicTypeReference@37e0056e
2024-05-13T19:04:59.228+02:00 DEBUG 21604 --- [demo] [           main] org.hibernate.type.BasicTypeRegistry     : Adding type registration java.net.URL -> org.hibernate.type.BasicTypeReference@37e0056e
2024-05-13T19:04:59.228+02:00 DEBUG 21604 --- [demo] [           main] org.hibernate.type.BasicTypeRegistry     : Adding type registration vector -> org.hibernate.type.BasicTypeReference@415795f3
2024-05-13T19:04:59.229+02:00 DEBUG 21604 --- [demo] [           main] org.hibernate.type.BasicTypeRegistry     : Adding type registration row_version -> org.hibernate.type.BasicTypeReference@2fe2965c
2024-05-13T19:04:59.248+02:00 DEBUG 21604 --- [demo] [           main] org.hibernate.type.BasicTypeRegistry     : Adding type registration object -> org.hibernate.type.JavaObjectType@79957f11
2024-05-13T19:04:59.249+02:00 DEBUG 21604 --- [demo] [           main] org.hibernate.type.BasicTypeRegistry     : Adding type registration java.lang.Object -> org.hibernate.type.JavaObjectType@79957f11
2024-05-13T19:04:59.252+02:00 DEBUG 21604 --- [demo] [           main] org.hibernate.type.BasicTypeRegistry     : Adding type registration null -> org.hibernate.type.NullType@5234b61a
2024-05-13T19:04:59.253+02:00 DEBUG 21604 --- [demo] [           main] org.hibernate.type.BasicTypeRegistry     : Adding type registration imm_date -> org.hibernate.type.BasicTypeReference@22a260ff
2024-05-13T19:04:59.254+02:00 DEBUG 21604 --- [demo] [           main] org.hibernate.type.BasicTypeRegistry     : Adding type registration imm_time -> org.hibernate.type.BasicTypeReference@50b734c4
2024-05-13T19:04:59.254+02:00 DEBUG 21604 --- [demo] [           main] org.hibernate.type.BasicTypeRegistry     : Adding type registration imm_timestamp -> org.hibernate.type.BasicTypeReference@2744dcae
2024-05-13T19:04:59.254+02:00 DEBUG 21604 --- [demo] [           main] org.hibernate.type.BasicTypeRegistry     : Adding type registration imm_calendar -> org.hibernate.type.BasicTypeReference@16d0e521
2024-05-13T19:04:59.254+02:00 DEBUG 21604 --- [demo] [           main] org.hibernate.type.BasicTypeRegistry     : Adding type registration imm_calendar_date -> org.hibernate.type.BasicTypeReference@634ca3e7
2024-05-13T19:04:59.254+02:00 DEBUG 21604 --- [demo] [           main] org.hibernate.type.BasicTypeRegistry     : Adding type registration imm_calendar_time -> org.hibernate.type.BasicTypeReference@ab4aa5e
2024-05-13T19:04:59.255+02:00 DEBUG 21604 --- [demo] [           main] org.hibernate.type.BasicTypeRegistry     : Adding type registration imm_binary -> org.hibernate.type.BasicTypeReference@b14b60a
2024-05-13T19:04:59.255+02:00 DEBUG 21604 --- [demo] [           main] org.hibernate.type.BasicTypeRegistry     : Adding type registration imm_serializable -> org.hibernate.type.BasicTypeReference@1a7cb3a4
2024-05-13T19:05:00.300+02:00  INFO 21604 --- [demo] [           main] o.s.o.j.p.SpringPersistenceUnitInfo      : No LoadTimeWeaver setup: ignoring JPA class transformer
2024-05-13T19:05:00.532+02:00  INFO 21604 --- [demo] [           main] com.zaxxer.hikari.HikariDataSource       : HikariPool-1 - Starting...
2024-05-13T19:05:01.081+02:00  INFO 21604 --- [demo] [           main] com.zaxxer.hikari.pool.HikariPool        : HikariPool-1 - Added connection com.mysql.cj.jdbc.ConnectionImpl@6e068ac9
2024-05-13T19:05:01.085+02:00  INFO 21604 --- [demo] [           main] com.zaxxer.hikari.HikariDataSource       : HikariPool-1 - Start completed.
2024-05-13T19:05:02.250+02:00  WARN 21604 --- [demo] [           main] org.hibernate.orm.deprecation            : HHH90000025: MySQLDialect does not need to be specified explicitly using 'hibernate.dialect' (remove the property setting and it will be selected by default)
2024-05-13T19:05:02.345+02:00 DEBUG 21604 --- [demo] [           main] o.h.t.d.sql.spi.DdlTypeRegistry          : addDescriptor(12, org.hibernate.type.descriptor.sql.internal.CapacityDependentDdlType@671d97bc) replaced previous registration(org.hibernate.type.descriptor.sql.internal.CapacityDependentDdlType@774f2992)
2024-05-13T19:05:02.345+02:00 DEBUG 21604 --- [demo] [           main] o.h.t.d.sql.spi.DdlTypeRegistry          : addDescriptor(-9, org.hibernate.type.descriptor.sql.internal.CapacityDependentDdlType@602298b) replaced previous registration(org.hibernate.type.descriptor.sql.internal.CapacityDependentDdlType@1fb6b8fb)
2024-05-13T19:05:02.346+02:00 DEBUG 21604 --- [demo] [           main] o.h.t.d.sql.spi.DdlTypeRegistry          : addDescriptor(-3, org.hibernate.type.descriptor.sql.internal.CapacityDependentDdlType@149d7cc6) replaced previous registration(org.hibernate.type.descriptor.sql.internal.CapacityDependentDdlType@1a10c47e)
2024-05-13T19:05:02.346+02:00 DEBUG 21604 --- [demo] [           main] o.h.t.d.sql.spi.DdlTypeRegistry          : addDescriptor(4003, org.hibernate.type.descriptor.sql.internal.DdlTypeImpl@d49e8c6) replaced previous registration(org.hibernate.type.descriptor.sql.internal.DdlTypeImpl@2712e8f4)
2024-05-13T19:05:02.346+02:00 DEBUG 21604 --- [demo] [           main] o.h.t.d.sql.spi.DdlTypeRegistry          : addDescriptor(4001, org.hibernate.type.descriptor.sql.internal.DdlTypeImpl@5896cb9c) replaced previous registration(org.hibernate.type.descriptor.sql.internal.DdlTypeImpl@44b9c7c4)
2024-05-13T19:05:02.346+02:00 DEBUG 21604 --- [demo] [           main] o.h.t.d.sql.spi.DdlTypeRegistry          : addDescriptor(4002, org.hibernate.type.descriptor.sql.internal.DdlTypeImpl@674184d) replaced previous registration(org.hibernate.type.descriptor.sql.internal.DdlTypeImpl@3611153f)
2024-05-13T19:05:02.347+02:00 DEBUG 21604 --- [demo] [           main] o.h.t.d.sql.spi.DdlTypeRegistry          : addDescriptor(2004, org.hibernate.type.descriptor.sql.internal.CapacityDependentDdlType@5835e24a) replaced previous registration(org.hibernate.type.descriptor.sql.internal.DdlTypeImpl@5238896f)
2024-05-13T19:05:02.347+02:00 DEBUG 21604 --- [demo] [           main] o.h.t.d.sql.spi.DdlTypeRegistry          : addDescriptor(2005, org.hibernate.type.descriptor.sql.internal.CapacityDependentDdlType@74a85515) replaced previous registration(org.hibernate.type.descriptor.sql.internal.DdlTypeImpl@4a2e1e52)
2024-05-13T19:05:02.347+02:00 DEBUG 21604 --- [demo] [           main] o.h.t.d.sql.spi.DdlTypeRegistry          : addDescriptor(2011, org.hibernate.type.descriptor.sql.internal.CapacityDependentDdlType@3dfe92ef) replaced previous registration(org.hibernate.type.descriptor.sql.internal.DdlTypeImpl@2b9b17ce)
2024-05-13T19:05:02.367+02:00 DEBUG 21604 --- [demo] [           main] o.h.t.d.jdbc.spi.JdbcTypeRegistry        : addDescriptor(NCharTypeDescriptor) replaced previous registration(CharTypeDescriptor)
2024-05-13T19:05:02.367+02:00 DEBUG 21604 --- [demo] [           main] o.h.t.d.jdbc.spi.JdbcTypeRegistry        : addDescriptor(NVarcharTypeDescriptor) replaced previous registration(VarcharTypeDescriptor)
2024-05-13T19:05:02.368+02:00 DEBUG 21604 --- [demo] [           main] o.h.t.d.jdbc.spi.JdbcTypeRegistry        : addDescriptor(LongNVarcharTypeDescriptor) replaced previous registration(LongVarcharTypeDescriptor)
2024-05-13T19:05:02.373+02:00 DEBUG 21604 --- [demo] [           main] o.h.t.d.jdbc.spi.JdbcTypeRegistry        : addDescriptor(NClobTypeDescriptor(DEFAULT)) replaced previous registration(ClobTypeDescriptor(DEFAULT))
2024-05-13T19:05:02.374+02:00 DEBUG 21604 --- [demo] [           main] o.h.t.d.jdbc.spi.JdbcTypeRegistry        : addDescriptor(2005, ClobTypeDescriptor(STREAM_BINDING)) replaced previous registration(ClobTypeDescriptor(DEFAULT))
2024-05-13T19:05:02.381+02:00 DEBUG 21604 --- [demo] [           main] org.hibernate.type.BasicTypeRegistry     : Adding type registration null -> org.hibernate.type.NullType@379f9555
2024-05-13T19:05:02.381+02:00 DEBUG 21604 --- [demo] [           main] org.hibernate.type.BasicTypeRegistry     : Type registration key [null] overrode previous entry : `org.hibernate.type.NullType@5234b61a`
2024-05-13T19:05:02.389+02:00 DEBUG 21604 --- [demo] [           main] org.hibernate.type.BasicTypeRegistry     : Adding type registration org.hibernate.type.DurationType -> basicType@1(java.time.Duration,3015)
2024-05-13T19:05:02.389+02:00 DEBUG 21604 --- [demo] [           main] org.hibernate.type.BasicTypeRegistry     : Adding type registration Duration -> basicType@1(java.time.Duration,3015)
2024-05-13T19:05:02.389+02:00 DEBUG 21604 --- [demo] [           main] org.hibernate.type.BasicTypeRegistry     : Adding type registration java.time.Duration -> basicType@1(java.time.Duration,3015)
2024-05-13T19:05:02.402+02:00 DEBUG 21604 --- [demo] [           main] org.hibernate.type.BasicTypeRegistry     : Adding type registration org.hibernate.type.OffsetDateTimeType -> basicType@2(java.time.OffsetDateTime,3003)
2024-05-13T19:05:02.402+02:00 DEBUG 21604 --- [demo] [           main] org.hibernate.type.BasicTypeRegistry     : Adding type registration OffsetDateTime -> basicType@2(java.time.OffsetDateTime,3003)
2024-05-13T19:05:02.402+02:00 DEBUG 21604 --- [demo] [           main] org.hibernate.type.BasicTypeRegistry     : Adding type registration java.time.OffsetDateTime -> basicType@2(java.time.OffsetDateTime,3003)
2024-05-13T19:05:02.403+02:00 DEBUG 21604 --- [demo] [           main] org.hibernate.type.BasicTypeRegistry     : Adding type registration org.hibernate.type.ZonedDateTimeType -> basicType@3(java.time.ZonedDateTime,3003)
2024-05-13T19:05:02.403+02:00 DEBUG 21604 --- [demo] [           main] org.hibernate.type.BasicTypeRegistry     : Adding type registration ZonedDateTime -> basicType@3(java.time.ZonedDateTime,3003)
2024-05-13T19:05:02.403+02:00 DEBUG 21604 --- [demo] [           main] org.hibernate.type.BasicTypeRegistry     : Adding type registration java.time.ZonedDateTime -> basicType@3(java.time.ZonedDateTime,3003)
2024-05-13T19:05:02.405+02:00 DEBUG 21604 --- [demo] [           main] org.hibernate.type.BasicTypeRegistry     : Adding type registration org.hibernate.type.OffsetTimeType -> basicType@4(java.time.OffsetTime,3007)
2024-05-13T19:05:02.405+02:00 DEBUG 21604 --- [demo] [           main] org.hibernate.type.BasicTypeRegistry     : Adding type registration OffsetTime -> basicType@4(java.time.OffsetTime,3007)
2024-05-13T19:05:02.406+02:00 DEBUG 21604 --- [demo] [           main] org.hibernate.type.BasicTypeRegistry     : Adding type registration java.time.OffsetTime -> basicType@4(java.time.OffsetTime,3007)
2024-05-13T19:05:02.408+02:00 DEBUG 21604 --- [demo] [           main] o.h.type.spi.TypeConfiguration$Scope     : Scoping TypeConfiguration [org.hibernate.type.spi.TypeConfiguration@655621fd] to MetadataBuildingContext [org.hibernate.boot.internal.MetadataBuildingContextRootImpl@77e9dca8]
2024-05-13T19:05:05.873+02:00  INFO 21604 --- [demo] [           main] o.h.e.t.j.p.i.JtaPlatformInitiator       : HHH000489: No JTA platform available (set 'hibernate.transaction.jta.platform' to enable JTA platform integration)
2024-05-13T19:05:05.875+02:00 DEBUG 21604 --- [demo] [           main] o.h.type.spi.TypeConfiguration$Scope     : Scoping TypeConfiguration [org.hibernate.type.spi.TypeConfiguration@655621fd] to SessionFactoryImplementor [org.hibernate.internal.SessionFactoryImpl@1be427b4]
2024-05-13T19:05:06.076+02:00 DEBUG 21604 --- [demo] [           main] org.hibernate.SQL                        : create table comments (id bigint not null auto_increment, created_at datetime(6) not null, updated_at datetime(6) not null, text tinytext, post_id bigint not null, primary key (id)) engine=InnoDB
2024-05-13T19:05:08.084+02:00 DEBUG 21604 --- [demo] [           main] org.hibernate.SQL                        : create table posts (id bigint not null auto_increment, created_at datetime(6) not null, updated_at datetime(6) not null, content tinytext, description varchar(250), title varchar(100), primary key (id)) engine=InnoDB
2024-05-13T19:05:08.352+02:00 DEBUG 21604 --- [demo] [           main] org.hibernate.SQL                        : alter table posts drop index UK_mchce1gm7f6otpphxd6ixsdps
2024-05-13T19:05:08.723+02:00 DEBUG 21604 --- [demo] [           main] org.hibernate.SQL                        : alter table posts add constraint UK_mchce1gm7f6otpphxd6ixsdps unique (title)
2024-05-13T19:05:09.481+02:00 DEBUG 21604 --- [demo] [           main] org.hibernate.SQL                        : alter table comments add constraint FKh4c7lvsc298whoyd4w9ta25cr foreign key (post_id) references posts (id) on delete cascade
2024-05-13T19:05:10.378+02:00 TRACE 21604 --- [demo] [           main] o.h.type.spi.TypeConfiguration$Scope     : Handling #sessionFactoryCreated from [org.hibernate.internal.SessionFactoryImpl@1be427b4] for TypeConfiguration
2024-05-13T19:05:10.378+02:00  INFO 21604 --- [demo] [           main] j.LocalContainerEntityManagerFactoryBean : Initialized JPA EntityManagerFactory for persistence unit 'default'
2024-05-13T19:05:14.929+02:00  INFO 21604 --- [demo] [           main] com.example.jpa.DemoApplicationTests     : Started DemoApplicationTests in 30.861 seconds (process running for 38.117)
]]></system-out>
    <system-err><![CDATA[WARNING: A Java agent has been loaded dynamically (C:\Users\Siamak\.m2\repository\net\bytebuddy\byte-buddy-agent\1.14.13\byte-buddy-agent-1.14.13.jar)
WARNING: If a serviceability tool is in use, please run with -XX:+EnableDynamicAgentLoading to hide this warning
WARNING: If a serviceability tool is not in use, please run with -Djdk.instrument.traceUsage for more information
WARNING: Dynamic loading of agents will be disallowed by default in a future release
]]></system-err>
  </testcase>
</testsuite>